<?xml version="1.0" encoding="UTF-8"?>
<!-- Generated by org.testng.reporters.JUnitXMLReporter -->
<testsuite ignored="0" hostname="LAPTOP-HA8083HS" failures="0" tests="5" name="Default test" time="9.016" errors="0" timestamp="2024-10-23T18:06:32 IST">
  <testcase classname="com.automation.testCases.UserApiTest" name="createUserTest" time="4.933"/>
  <testcase classname="com.automation.testCases.UserApiTest" name="deleteUserTest" time="0.571"/>
  <testcase classname="com.automation.testCases.UserApiTest" name="getUserByIdTest" time="0.365"/>
  <testcase classname="com.automation.testCases.UserApiTest" name="getUsersTest" time="1.039"/>
  <testcase classname="com.automation.testCases.UserApiTest" name="updateUserTest" time="0.605"/>
</testsuite> <!-- Default test -->
